E:\GITHUB\PROGRAM_DESIGN\俄罗斯方块\俄罗斯方块\DEBUG\GAME.OBJ
E:\GITHUB\PROGRAM_DESIGN\俄罗斯方块\俄罗斯方块\DEBUG\MAIN.OBJ
E:\GITHUB\PROGRAM_DESIGN\俄罗斯方块\俄罗斯方块\DEBUG\SHAPE.OBJ
E:\GITHUB\PROGRAM_DESIGN\俄罗斯方块\俄罗斯方块\DEBUG\TABLE.OBJ
E:\GITHUB\PROGRAM_DESIGN\俄罗斯方块\俄罗斯方块\DEBUG\VC110.PDB
E:\GITHUB\PROGRAM_DESIGN\俄罗斯方块\DEBUG\俄罗斯方块.ILK
E:\GITHUB\PROGRAM_DESIGN\俄罗斯方块\DEBUG\俄罗斯方块.EXE
E:\GITHUB\PROGRAM_DESIGN\俄罗斯方块\DEBUG\俄罗斯方块.PDB
E:\GitHub\Program_Design\俄罗斯方块\俄罗斯方块\Debug\game.obj
E:\GitHub\Program_Design\俄罗斯方块\俄罗斯方块\Debug\main.obj
E:\GitHub\Program_Design\俄罗斯方块\俄罗斯方块\Debug\shape.obj
E:\GitHub\Program_Design\俄罗斯方块\俄罗斯方块\Debug\table.obj
E:\GitHub\Program_Design\俄罗斯方块\俄罗斯方块\Debug\cl.command.1.tlog
E:\GitHub\Program_Design\俄罗斯方块\俄罗斯方块\Debug\CL.read.1.tlog
E:\GitHub\Program_Design\俄罗斯方块\俄罗斯方块\Debug\CL.write.1.tlog
E:\GitHub\Program_Design\俄罗斯方块\俄罗斯方块\Debug\link-cvtres.read.1.tlog
E:\GitHub\Program_Design\俄罗斯方块\俄罗斯方块\Debug\link-cvtres.write.1.tlog
E:\GitHub\Program_Design\俄罗斯方块\俄罗斯方块\Debug\link-rc.read.1.tlog
E:\GitHub\Program_Design\俄罗斯方块\俄罗斯方块\Debug\link-rc.write.1.tlog
E:\GitHub\Program_Design\俄罗斯方块\俄罗斯方块\Debug\link.10516-cvtres.read.1.tlog
E:\GitHub\Program_Design\俄罗斯方块\俄罗斯方块\Debug\link.10516-cvtres.write.1.tlog
E:\GitHub\Program_Design\俄罗斯方块\俄罗斯方块\Debug\link.10516-rc.read.1.tlog
E:\GitHub\Program_Design\俄罗斯方块\俄罗斯方块\Debug\link.10516-rc.write.1.tlog
E:\GitHub\Program_Design\俄罗斯方块\俄罗斯方块\Debug\link.10516.read.1.tlog
E:\GitHub\Program_Design\俄罗斯方块\俄罗斯方块\Debug\link.10516.write.1.tlog
E:\GitHub\Program_Design\俄罗斯方块\俄罗斯方块\Debug\link.11984-cvtres.read.1.tlog
E:\GitHub\Program_Design\俄罗斯方块\俄罗斯方块\Debug\link.11984-cvtres.write.1.tlog
E:\GitHub\Program_Design\俄罗斯方块\俄罗斯方块\Debug\link.11984-rc.read.1.tlog
E:\GitHub\Program_Design\俄罗斯方块\俄罗斯方块\Debug\link.11984-rc.write.1.tlog
E:\GitHub\Program_Design\俄罗斯方块\俄罗斯方块\Debug\link.11984.read.1.tlog
E:\GitHub\Program_Design\俄罗斯方块\俄罗斯方块\Debug\link.11984.write.1.tlog
E:\GitHub\Program_Design\俄罗斯方块\俄罗斯方块\Debug\link.2560-cvtres.read.1.tlog
E:\GitHub\Program_Design\俄罗斯方块\俄罗斯方块\Debug\link.2560-cvtres.write.1.tlog
E:\GitHub\Program_Design\俄罗斯方块\俄罗斯方块\Debug\link.2560-rc.read.1.tlog
E:\GitHub\Program_Design\俄罗斯方块\俄罗斯方块\Debug\link.2560-rc.write.1.tlog
E:\GitHub\Program_Design\俄罗斯方块\俄罗斯方块\Debug\link.2560.read.1.tlog
E:\GitHub\Program_Design\俄罗斯方块\俄罗斯方块\Debug\link.2560.write.1.tlog
E:\GitHub\Program_Design\俄罗斯方块\俄罗斯方块\Debug\link.2884-cvtres.read.1.tlog
E:\GitHub\Program_Design\俄罗斯方块\俄罗斯方块\Debug\link.2884-cvtres.write.1.tlog
E:\GitHub\Program_Design\俄罗斯方块\俄罗斯方块\Debug\link.2884-rc.read.1.tlog
E:\GitHub\Program_Design\俄罗斯方块\俄罗斯方块\Debug\link.2884-rc.write.1.tlog
E:\GitHub\Program_Design\俄罗斯方块\俄罗斯方块\Debug\link.2884.read.1.tlog
E:\GitHub\Program_Design\俄罗斯方块\俄罗斯方块\Debug\link.2884.write.1.tlog
E:\GitHub\Program_Design\俄罗斯方块\俄罗斯方块\Debug\link.3388-cvtres.read.1.tlog
E:\GitHub\Program_Design\俄罗斯方块\俄罗斯方块\Debug\link.3388-cvtres.write.1.tlog
E:\GitHub\Program_Design\俄罗斯方块\俄罗斯方块\Debug\link.3388-rc.read.1.tlog
E:\GitHub\Program_Design\俄罗斯方块\俄罗斯方块\Debug\link.3388-rc.write.1.tlog
E:\GitHub\Program_Design\俄罗斯方块\俄罗斯方块\Debug\link.3388.read.1.tlog
E:\GitHub\Program_Design\俄罗斯方块\俄罗斯方块\Debug\link.3388.write.1.tlog
E:\GitHub\Program_Design\俄罗斯方块\俄罗斯方块\Debug\link.5228-cvtres.read.1.tlog
E:\GitHub\Program_Design\俄罗斯方块\俄罗斯方块\Debug\link.5228-cvtres.write.1.tlog
E:\GitHub\Program_Design\俄罗斯方块\俄罗斯方块\Debug\link.5228-rc.read.1.tlog
E:\GitHub\Program_Design\俄罗斯方块\俄罗斯方块\Debug\link.5228-rc.write.1.tlog
E:\GitHub\Program_Design\俄罗斯方块\俄罗斯方块\Debug\link.5228.read.1.tlog
E:\GitHub\Program_Design\俄罗斯方块\俄罗斯方块\Debug\link.5228.write.1.tlog
E:\GitHub\Program_Design\俄罗斯方块\俄罗斯方块\Debug\link.804-cvtres.read.1.tlog
E:\GitHub\Program_Design\俄罗斯方块\俄罗斯方块\Debug\link.804-cvtres.write.1.tlog
E:\GitHub\Program_Design\俄罗斯方块\俄罗斯方块\Debug\link.804-rc.read.1.tlog
E:\GitHub\Program_Design\俄罗斯方块\俄罗斯方块\Debug\link.804-rc.write.1.tlog
E:\GitHub\Program_Design\俄罗斯方块\俄罗斯方块\Debug\link.804.read.1.tlog
E:\GitHub\Program_Design\俄罗斯方块\俄罗斯方块\Debug\link.804.write.1.tlog
E:\GitHub\Program_Design\俄罗斯方块\俄罗斯方块\Debug\link.9384-cvtres.read.1.tlog
E:\GitHub\Program_Design\俄罗斯方块\俄罗斯方块\Debug\link.9384-cvtres.write.1.tlog
E:\GitHub\Program_Design\俄罗斯方块\俄罗斯方块\Debug\link.9384-rc.read.1.tlog
E:\GitHub\Program_Design\俄罗斯方块\俄罗斯方块\Debug\link.9384-rc.write.1.tlog
E:\GitHub\Program_Design\俄罗斯方块\俄罗斯方块\Debug\link.9384.read.1.tlog
E:\GitHub\Program_Design\俄罗斯方块\俄罗斯方块\Debug\link.9384.write.1.tlog
E:\GitHub\Program_Design\俄罗斯方块\俄罗斯方块\Debug\link.command.1.tlog
E:\GitHub\Program_Design\俄罗斯方块\俄罗斯方块\Debug\link.read.1.tlog
E:\GitHub\Program_Design\俄罗斯方块\俄罗斯方块\Debug\link.write.1.tlog
E:\GitHub\Program_Design\俄罗斯方块\俄罗斯方块\Debug\vc110.idb
E:\GitHub\Program_Design\俄罗斯方块\俄罗斯方块\Debug\vc110.pdb
E:\GitHub\Program_Design\俄罗斯方块\Debug\俄罗斯方块.pdb
E:\GitHub\Program_Design\俄罗斯方块\Debug\俄罗斯方块.exe
E:\GitHub\Program_Design\俄罗斯方块\Debug\俄罗斯方块.ilk
