生成启动时间为 2016.06.30 15:10:48。
     1>项目“E:\GitHub\Program_Design\俄罗斯方块\俄罗斯方块\俄罗斯方块.vcxproj”在节点 2 上(Build 个目标)。
     1>ClCompile:
         C:\Program Files (x86)\Microsoft Visual Studio 11.0\VC\bin\CL.exe /c /ZI /nologo /W3 /WX- /Od /Oy- /D WIN32 /D _DEBUG /D _CONSOLE /D _UNICODE /D UNICODE /Gm /EHsc /RTC1 /MDd /GS /fp:precise /Zc:wchar_t /Zc:forScope /Fo"Debug\\" /Fd"Debug\vc110.pdb" /Gd /TP /analyze- /errorReport:prompt game.cpp main.cpp shape.cpp table.cpp
         table.cpp
     1>e:\github\program_design\俄罗斯方块\俄罗斯方块\game.h(44): error C2146: 语法错误: 缺少“;”(在标识符“currenttable”的前面)
     1>e:\github\program_design\俄罗斯方块\俄罗斯方块\game.h(44): error C4430: 缺少类型说明符 - 假定为 int。注意: C++ 不支持默认 int
     1>e:\github\program_design\俄罗斯方块\俄罗斯方块\game.h(45): error C2146: 语法错误: 缺少“;”(在标识符“fixedtable”的前面)
     1>e:\github\program_design\俄罗斯方块\俄罗斯方块\game.h(45): error C4430: 缺少类型说明符 - 假定为 int。注意: C++ 不支持默认 int
     1>e:\github\program_design\俄罗斯方块\俄罗斯方块\game.h(46): error C2143: 语法错误 : 缺少“;”(在“*”的前面)
     1>e:\github\program_design\俄罗斯方块\俄罗斯方块\game.h(46): error C4430: 缺少类型说明符 - 假定为 int。注意: C++ 不支持默认 int
     1>e:\github\program_design\俄罗斯方块\俄罗斯方块\game.h(47): error C2146: 语法错误: 缺少“;”(在标识符“shapeForSave”的前面)
     1>e:\github\program_design\俄罗斯方块\俄罗斯方块\game.h(47): error C4430: 缺少类型说明符 - 假定为 int。注意: C++ 不支持默认 int
     1>e:\github\program_design\俄罗斯方块\俄罗斯方块\game.h(58): error C2143: 语法错误 : 缺少“;”(在“*”的前面)
     1>e:\github\program_design\俄罗斯方块\俄罗斯方块\game.h(58): error C4430: 缺少类型说明符 - 假定为 int。注意: C++ 不支持默认 int
     1>e:\github\program_design\俄罗斯方块\俄罗斯方块\game.h(58): warning C4183: “NewShape”: 缺少返回类型；假定为返回“int”的成员函数
     1>e:\github\program_design\俄罗斯方块\俄罗斯方块\game.h(72): error C2065: “currentshape”: 未声明的标识符
     1>e:\github\program_design\俄罗斯方块\俄罗斯方块\shape.h(44): error C2143: 语法错误 : 缺少“;”(在“+”的前面)
     1>e:\github\program_design\俄罗斯方块\俄罗斯方块\shape.h(44): error C2433: “Table”: 不允许在数据声明中使用“friend”
     1>e:\github\program_design\俄罗斯方块\俄罗斯方块\shape.h(44): error C4430: 缺少类型说明符 - 假定为 int。注意: C++ 不支持默认 int
     1>e:\github\program_design\俄罗斯方块\俄罗斯方块\shape.h(44): error C2061: 语法错误: 标识符“Table”
     1>e:\github\program_design\俄罗斯方块\俄罗斯方块\shape.h(45): error C4430: 缺少类型说明符 - 假定为 int。注意: C++ 不支持默认 int
         shape.cpp
     1>e:\github\program_design\俄罗斯方块\俄罗斯方块\table.h(25): error C2061: 语法错误: 标识符“Position”
     1>e:\github\program_design\俄罗斯方块\俄罗斯方块\table.h(27): error C2143: 语法错误 : 缺少“;”(在“*”的前面)
     1>e:\github\program_design\俄罗斯方块\俄罗斯方块\table.h(27): error C4430: 缺少类型说明符 - 假定为 int。注意: C++ 不支持默认 int
     1>e:\github\program_design\俄罗斯方块\俄罗斯方块\table.h(27): warning C4183: “CreatNew”: 缺少返回类型；假定为返回“int”的成员函数
     1>e:\github\program_design\俄罗斯方块\俄罗斯方块\table.h(29): error C2061: 语法错误: 标识符“Position”
     1>e:\github\program_design\俄罗斯方块\俄罗斯方块\game.h(46): error C2143: 语法错误 : 缺少“;”(在“*”的前面)
     1>e:\github\program_design\俄罗斯方块\俄罗斯方块\game.h(46): error C4430: 缺少类型说明符 - 假定为 int。注意: C++ 不支持默认 int
     1>e:\github\program_design\俄罗斯方块\俄罗斯方块\game.h(47): error C2146: 语法错误: 缺少“;”(在标识符“shapeForSave”的前面)
     1>e:\github\program_design\俄罗斯方块\俄罗斯方块\game.h(47): error C4430: 缺少类型说明符 - 假定为 int。注意: C++ 不支持默认 int
     1>e:\github\program_design\俄罗斯方块\俄罗斯方块\game.h(58): error C2143: 语法错误 : 缺少“;”(在“*”的前面)
     1>e:\github\program_design\俄罗斯方块\俄罗斯方块\game.h(58): error C4430: 缺少类型说明符 - 假定为 int。注意: C++ 不支持默认 int
     1>e:\github\program_design\俄罗斯方块\俄罗斯方块\game.h(58): warning C4183: “NewShape”: 缺少返回类型；假定为返回“int”的成员函数
     1>e:\github\program_design\俄罗斯方块\俄罗斯方块\game.h(72): error C2065: “currentshape”: 未声明的标识符
         main.cpp
     1>e:\github\program_design\俄罗斯方块\俄罗斯方块\shape.h(44): error C2143: 语法错误 : 缺少“;”(在“+”的前面)
     1>e:\github\program_design\俄罗斯方块\俄罗斯方块\shape.h(44): error C2433: “Table”: 不允许在数据声明中使用“friend”
     1>e:\github\program_design\俄罗斯方块\俄罗斯方块\shape.h(44): error C4430: 缺少类型说明符 - 假定为 int。注意: C++ 不支持默认 int
     1>e:\github\program_design\俄罗斯方块\俄罗斯方块\shape.h(44): error C2061: 语法错误: 标识符“Table”
     1>e:\github\program_design\俄罗斯方块\俄罗斯方块\shape.h(45): error C4430: 缺少类型说明符 - 假定为 int。注意: C++ 不支持默认 int
     1>e:\github\program_design\俄罗斯方块\俄罗斯方块\game.h(44): error C2146: 语法错误: 缺少“;”(在标识符“currenttable”的前面)
     1>e:\github\program_design\俄罗斯方块\俄罗斯方块\game.h(44): error C4430: 缺少类型说明符 - 假定为 int。注意: C++ 不支持默认 int
     1>e:\github\program_design\俄罗斯方块\俄罗斯方块\game.h(45): error C2146: 语法错误: 缺少“;”(在标识符“fixedtable”的前面)
     1>e:\github\program_design\俄罗斯方块\俄罗斯方块\game.h(45): error C4430: 缺少类型说明符 - 假定为 int。注意: C++ 不支持默认 int
         game.cpp
     1>e:\github\program_design\俄罗斯方块\俄罗斯方块\shape.h(44): error C2143: 语法错误 : 缺少“;”(在“+”的前面)
     1>e:\github\program_design\俄罗斯方块\俄罗斯方块\shape.h(44): error C2433: “Table”: 不允许在数据声明中使用“friend”
     1>e:\github\program_design\俄罗斯方块\俄罗斯方块\shape.h(44): error C4430: 缺少类型说明符 - 假定为 int。注意: C++ 不支持默认 int
     1>e:\github\program_design\俄罗斯方块\俄罗斯方块\shape.h(44): error C2061: 语法错误: 标识符“Table”
     1>e:\github\program_design\俄罗斯方块\俄罗斯方块\shape.h(45): error C4430: 缺少类型说明符 - 假定为 int。注意: C++ 不支持默认 int
     1>e:\github\program_design\俄罗斯方块\俄罗斯方块\game.h(44): error C2146: 语法错误: 缺少“;”(在标识符“currenttable”的前面)
     1>e:\github\program_design\俄罗斯方块\俄罗斯方块\game.h(44): error C4430: 缺少类型说明符 - 假定为 int。注意: C++ 不支持默认 int
     1>e:\github\program_design\俄罗斯方块\俄罗斯方块\game.h(45): error C2146: 语法错误: 缺少“;”(在标识符“fixedtable”的前面)
     1>e:\github\program_design\俄罗斯方块\俄罗斯方块\game.h(45): error C4430: 缺少类型说明符 - 假定为 int。注意: C++ 不支持默认 int
     1>e:\github\program_design\俄罗斯方块\俄罗斯方块\game.cpp(57): error C2065: “currenttable”: 未声明的标识符
     1>e:\github\program_design\俄罗斯方块\俄罗斯方块\game.cpp(57): error C2228: “.Fresh”的左边必须有类/结构/联合
                 类型是“'unknown-type'”
     1>e:\github\program_design\俄罗斯方块\俄罗斯方块\game.cpp(63): error C2065: “currenttable”: 未声明的标识符
     1>e:\github\program_design\俄罗斯方块\俄罗斯方块\game.cpp(63): error C2065: “fixedtable”: 未声明的标识符
     1>e:\github\program_design\俄罗斯方块\俄罗斯方块\game.cpp(95): error C2065: “currenttable”: 未声明的标识符
     1>e:\github\program_design\俄罗斯方块\俄罗斯方块\game.cpp(95): error C2065: “fixedtable”: 未声明的标识符
     1>e:\github\program_design\俄罗斯方块\俄罗斯方块\game.cpp(107): warning C4018: “<”: 有符号/无符号不匹配
     1>e:\github\program_design\俄罗斯方块\俄罗斯方块\game.cpp(125): warning C4018: “<”: 有符号/无符号不匹配
         正在生成代码...
     1>已完成生成项目“E:\GitHub\Program_Design\俄罗斯方块\俄罗斯方块\俄罗斯方块.vcxproj”(Build 个目标)的操作 - 失败。

生成失败。

已用时间 00:00:02.08
