E:\GITHUB\PROGRAM_DESIGN\公司人事管理系统\公司人事管理系统\DEBUG\DEFINE.OBJ
E:\GITHUB\PROGRAM_DESIGN\公司人事管理系统\公司人事管理系统\DEBUG\EMPLOYEE.OBJ
E:\GITHUB\PROGRAM_DESIGN\公司人事管理系统\公司人事管理系统\DEBUG\MAIN.OBJ
E:\GITHUB\PROGRAM_DESIGN\公司人事管理系统\公司人事管理系统\DEBUG\SYSTEM.OBJ
E:\GITHUB\PROGRAM_DESIGN\公司人事管理系统\公司人事管理系统\DEBUG\VC110.PDB
E:\GITHUB\PROGRAM_DESIGN\公司人事管理系统\DEBUG\公司人事管理系统.ILK
E:\GITHUB\PROGRAM_DESIGN\公司人事管理系统\DEBUG\公司人事管理系统.EXE
E:\GITHUB\PROGRAM_DESIGN\公司人事管理系统\DEBUG\公司人事管理系统.PDB
E:\GitHub\Program_Design\公司人事管理系统\公司人事管理系统\Debug\define.obj
E:\GitHub\Program_Design\公司人事管理系统\公司人事管理系统\Debug\employee.obj
E:\GitHub\Program_Design\公司人事管理系统\公司人事管理系统\Debug\main.obj
E:\GitHub\Program_Design\公司人事管理系统\公司人事管理系统\Debug\system.obj
E:\GitHub\Program_Design\公司人事管理系统\公司人事管理系统\Debug\cl.command.1.tlog
E:\GitHub\Program_Design\公司人事管理系统\公司人事管理系统\Debug\CL.read.1.tlog
E:\GitHub\Program_Design\公司人事管理系统\公司人事管理系统\Debug\CL.write.1.tlog
E:\GitHub\Program_Design\公司人事管理系统\公司人事管理系统\Debug\link-cvtres.read.1.tlog
E:\GitHub\Program_Design\公司人事管理系统\公司人事管理系统\Debug\link-cvtres.write.1.tlog
E:\GitHub\Program_Design\公司人事管理系统\公司人事管理系统\Debug\link-rc.read.1.tlog
E:\GitHub\Program_Design\公司人事管理系统\公司人事管理系统\Debug\link-rc.write.1.tlog
E:\GitHub\Program_Design\公司人事管理系统\公司人事管理系统\Debug\link.command.1.tlog
E:\GitHub\Program_Design\公司人事管理系统\公司人事管理系统\Debug\link.read.1.tlog
E:\GitHub\Program_Design\公司人事管理系统\公司人事管理系统\Debug\link.write.1.tlog
E:\GitHub\Program_Design\公司人事管理系统\公司人事管理系统\Debug\vc110.idb
E:\GitHub\Program_Design\公司人事管理系统\公司人事管理系统\Debug\vc110.pdb
E:\GitHub\Program_Design\公司人事管理系统\Debug\公司人事管理系统.pdb
E:\GitHub\Program_Design\公司人事管理系统\Debug\公司人事管理系统.exe
E:\GitHub\Program_Design\公司人事管理系统\Debug\公司人事管理系统.ilk
